<?xml version="1.0" encoding="UTF-8"?>
<testsuite name="ValidationsTest" tests="1" skipped="0" failures="0" errors="0" timestamp="2019-12-12T06:57:52" hostname="thotsana-ThinkPad-P50" time="0.009">
  <properties/>
  <testcase name="existence()" classname="ValidationsTest" time="0.009"/>
  <system-out><![CDATA[]]></system-out>
  <system-err><![CDATA[]]></system-err>
</testsuite>
