<?xml version="1.0" encoding="UTF-8"?>
<testsuite name="PasswordCheckerTest" tests="2" skipped="0" failures="0" errors="0" timestamp="2019-12-05T09:40:27" hostname="recruit-ThinkCentre-M73" time="0.019">
  <properties/>
  <testcase name="passwordIsValid()" classname="PasswordCheckerTest" time="0.016"/>
  <testcase name="passwordIsOk()" classname="PasswordCheckerTest" time="0.001"/>
  <system-out><![CDATA[Password meets all the minimum requirements.
Password meets all the minimum requirements.
]]></system-out>
  <system-err><![CDATA[]]></system-err>
</testsuite>
